<?xml version="1.0" encoding="UTF-8"?>
<testng-results ignored="0" total="1" passed="1" failed="0" skipped="0">
  <reporter-output>
  </reporter-output>
  <suite started-at="2023-01-19T01:14:53 IST" name="Default suite" finished-at="2023-01-19T01:15:07 IST" duration-ms="14379">
    <groups>
    </groups>
    <test started-at="2023-01-19T01:14:53 IST" name="Default test" finished-at="2023-01-19T01:15:07 IST" duration-ms="14379">
      <class name="demo.Testclass.TC_LoginTest">
        <test-method is-config="true" signature="setup()[pri:0, instance:demo.Testclass.TC_LoginTest@2794eab6]" started-at="2023-01-19T01:14:53 IST" name="setup" finished-at="2023-01-19T01:14:54 IST" duration-ms="1709" status="PASS">
          <reporter-output>
          </reporter-output>
        </test-method> <!-- setup -->
        <test-method signature="login()[pri:0, instance:demo.Testclass.TC_LoginTest@2794eab6]" started-at="2023-01-19T01:14:54 IST" name="login" finished-at="2023-01-19T01:15:07 IST" duration-ms="12343" status="PASS">
          <reporter-output>
          </reporter-output>
        </test-method> <!-- login -->
        <test-method is-config="true" signature="teardown()[pri:0, instance:demo.Testclass.TC_LoginTest@2794eab6]" started-at="2023-01-19T01:15:07 IST" name="teardown" finished-at="2023-01-19T01:15:07 IST" duration-ms="294" status="PASS">
          <reporter-output>
          </reporter-output>
        </test-method> <!-- teardown -->
      </class> <!-- demo.Testclass.TC_LoginTest -->
    </test> <!-- Default test -->
  </suite> <!-- Default suite -->
</testng-results>
